[2022-01-01 14:24:19 INFO]: install::setup-logging ended
================
[2022-01-01 14:24:19 INFO]: install::start-up started
[2022-01-01 14:24:19 INFO]: install::decompress started
[2022-01-01 14:24:19 INFO]: install::decompress data_dump.tar.gz already decompressed
[2022-01-01 14:24:19 INFO]: install::decompress ended
================
[2022-01-01 14:24:19 INFO]: install::decompress starting services
[2022-01-01 14:24:19 INFO]: install::decompress ended
================
[2022-01-01 14:26:23 INFO]: install::root-check started
[2022-01-01 14:26:23 INFO]: install::root-check ended
================
[2022-01-01 14:26:23 INFO]: install::docker-check started
[2022-01-01 14:26:23 INFO]: install::docker-check ended
================
[2022-01-01 14:26:23 INFO]: install::docker-compose-check started
[2022-01-01 14:26:23 INFO]: install::docker-compose-check ended
================
[2022-01-01 14:26:23 INFO]: install::tear-down started
[2022-01-01 14:26:23 INFO]: install::compress started
[2022-01-01 14:26:23 INFO]: install::compress changing directory to db
[2022-01-01 14:26:23 INFO]: install::compress compressing db/data_dump 
[2022-01-01 14:26:23 INFO]: install::compress removing data_dump 
[2022-01-01 14:26:23 INFO]: install::compress changing directory back
[2022-01-01 14:26:23 INFO]: install::compress ended
================
[2022-01-01 14:26:23 INFO]: install::compress starting services
[2022-01-01 14:26:23 INFO]: install::compress ended
================
